<?xml version="1.0" encoding="UTF-8" ?>
<testsuite tests="14" failures="0" name="com.cucumber.automation.bdt.cucumberOptions.RunCukeTest" time="2.06" errors="0" skipped="0">
  <properties>
[...]
</properties>
  <testcase classname="Scenario: Add horse racing without logging in" name="Given I am on William Hill landing page" time="0.009"/>
  <testcase classname="Scenario: Add horse racing without logging in" name="When I expand Racing section" time="0"/>
  <testcase classname="Scenario: Add horse racing without logging in" name="Then I see Horses link under Next To Jump section" time="0"/>
  <testcase classname="Scenario: Add horse racing without logging in" name="When I click Horses link" time="0"/>
  <testcase classname="Scenario: Add horse racing without logging in" name="Then I see Horse Racing page" time="0.001"/>
  <testcase classname="Scenario: Add horse racing without logging in" name="When I click on odd value button for top odd under Trending Multi" time="0"/>
  <testcase classname="Scenario: Add horse racing without logging in" name="Then I see QuickBet popup" time="0"/>
  <testcase classname="Scenario: Add horse racing without logging in" name="When I add stake value" time="0"/>
  <testcase classname="Scenario: Add horse racing without logging in" name="And I click Add to Bet Slip button" time="0"/>
  <testcase classname="Scenario: Add horse racing without logging in" name="Then QuickBet popup closes" time="0"/>
  <testcase classname="Scenario: Add horse racing without logging in" name="When I click Bet Slip" time="0"/>
  <testcase classname="Scenario: Add horse racing without logging in" name="Then I see Bet Details" time="0.001"/>
  <testcase classname="Scenario: Add horse racing without logging in" name="And Bet Details are correct" time="0.001"/>
  <testcase classname="Scenario: Add horse racing without logging in" name="Scenario: Add horse racing without logging in" time="2.048"/>
</testsuite>